COproj/Library/Bee/Android/Prj/IL2CPP/Gradle/launcher/build/intermediates/manifest_merge_blame_file/release/manifest-merger-blame-release-report.txt
1<?xml version="1.0" encoding="utf-8"?>
2<manifest xmlns:android="http://schemas.android.com/apk/res/android"
3    package="com.Heckvision.COproj"
4    android:installLocation="auto"
5    android:versionCode="1"
6    android:versionName="0.1" >
7
8    <uses-sdk
9        android:minSdkVersion="29"
9-->src/main/AndroidManifest.xml
10        android:targetSdkVersion="32" />
10-->src/main/AndroidManifest.xml
11
12    <supports-screens
12-->src/main/AndroidManifest.xml:4:3-163
13        android:anyDensity="true"
13-->src/main/AndroidManifest.xml:4:135-160
14        android:largeScreens="true"
14-->src/main/AndroidManifest.xml:4:78-105
15        android:normalScreens="true"
15-->src/main/AndroidManifest.xml:4:49-77
16        android:smallScreens="true"
16-->src/main/AndroidManifest.xml:4:21-48
17        android:xlargeScreens="true" />
17-->src/main/AndroidManifest.xml:4:106-134
18
19    <uses-permission android:name="android.permission.INTERNET" />
19-->[:unityLibrary] AndroidManifest.xml:11:5-67
19-->[:unityLibrary] AndroidManifest.xml:11:22-64
20
21    <uses-feature
21-->[:unityLibrary] AndroidManifest.xml:13:5-16:31
22        android:name="android.hardware.vr.headtracking"
22-->[:unityLibrary] AndroidManifest.xml:14:9-56
23        android:required="true"
23-->[:unityLibrary] AndroidManifest.xml:15:9-32
24        android:version="1" />
24-->[:unityLibrary] AndroidManifest.xml:16:9-28
25    <uses-feature android:glEsVersion="0x00030000" />
25-->[:unityLibrary] AndroidManifest.xml:17:5-54
25-->[:unityLibrary] AndroidManifest.xml:17:19-51
26    <uses-feature
26-->[:unityLibrary] AndroidManifest.xml:18:5-20:36
27        android:name="android.hardware.touchscreen"
27-->[:unityLibrary] AndroidManifest.xml:19:9-52
28        android:required="false" />
28-->[:unityLibrary] AndroidManifest.xml:20:9-33
29    <uses-feature
29-->[:unityLibrary] AndroidManifest.xml:21:5-23:36
30        android:name="android.hardware.touchscreen.multitouch"
30-->[:unityLibrary] AndroidManifest.xml:22:9-63
31        android:required="false" />
31-->[:unityLibrary] AndroidManifest.xml:23:9-33
32    <uses-feature
32-->[:unityLibrary] AndroidManifest.xml:24:5-26:36
33        android:name="android.hardware.touchscreen.multitouch.distinct"
33-->[:unityLibrary] AndroidManifest.xml:25:9-72
34        android:required="false" />
34-->[:unityLibrary] AndroidManifest.xml:26:9-33
35
36    <application
36-->src/main/AndroidManifest.xml:3:3-83
37        android:allowBackup="false"
37-->[:unityLibrary] AndroidManifest.xml:29:9-36
38        android:extractNativeLibs="true"
38-->[:unityLibrary] AndroidManifest.xml:30:9-41
39        android:icon="@mipmap/app_icon"
39-->src/main/AndroidManifest.xml:3:49-80
40        android:label="@string/app_name"
40-->src/main/AndroidManifest.xml:3:16-48
41        android:networkSecurityConfig="@xml/network_sec_config" >
41-->[:unityLibrary] AndroidManifest.xml:33:9-64
42        <meta-data
42-->[:unityLibrary] AndroidManifest.xml:34:9-36:37
43            android:name="unityplayer.SkipPermissionsDialog"
43-->[:unityLibrary] AndroidManifest.xml:35:13-61
44            android:value="false" />
44-->[:unityLibrary] AndroidManifest.xml:36:13-34
45        <meta-data
45-->[:unityLibrary] AndroidManifest.xml:37:9-39:39
46            android:name="com.samsung.android.vr.application.mode"
46-->[:unityLibrary] AndroidManifest.xml:38:13-67
47            android:value="vr_only" />
47-->[:unityLibrary] AndroidManifest.xml:39:13-36
48        <meta-data
48-->[:unityLibrary] AndroidManifest.xml:40:9-42:37
49            android:name="com.oculus.ossplash.background"
49-->[:unityLibrary] AndroidManifest.xml:41:13-58
50            android:value="black" />
50-->[:unityLibrary] AndroidManifest.xml:42:13-34
51        <meta-data
51-->[:unityLibrary] AndroidManifest.xml:43:9-45:38
52            android:name="com.oculus.supportedDevices"
52-->[:unityLibrary] AndroidManifest.xml:44:13-55
53            android:value="quest2" />
53-->[:unityLibrary] AndroidManifest.xml:45:13-35
54        <meta-data
54-->[:unityLibrary] AndroidManifest.xml:46:9-48:33
55            android:name="unity.splash-mode"
55-->[:unityLibrary] AndroidManifest.xml:47:13-45
56            android:value="0" />
56-->[:unityLibrary] AndroidManifest.xml:48:13-30
57        <meta-data
57-->[:unityLibrary] AndroidManifest.xml:49:9-51:36
58            android:name="unity.splash-enable"
58-->[:unityLibrary] AndroidManifest.xml:50:13-47
59            android:value="True" />
59-->[:unityLibrary] AndroidManifest.xml:51:13-33
60        <meta-data
60-->[:unityLibrary] AndroidManifest.xml:52:9-54:36
61            android:name="unity.launch-fullscreen"
61-->[:unityLibrary] AndroidManifest.xml:53:13-51
62            android:value="True" />
62-->[:unityLibrary] AndroidManifest.xml:54:13-33
63        <meta-data
63-->[:unityLibrary] AndroidManifest.xml:55:9-57:50
64            android:name="notch.config"
64-->[:unityLibrary] AndroidManifest.xml:56:13-40
65            android:value="portrait|landscape" />
65-->[:unityLibrary] AndroidManifest.xml:57:13-47
66        <meta-data
66-->[:unityLibrary] AndroidManifest.xml:58:9-60:36
67            android:name="unity.auto-report-fully-drawn"
67-->[:unityLibrary] AndroidManifest.xml:59:13-57
68            android:value="true" />
68-->[:unityLibrary] AndroidManifest.xml:60:13-33
69
70        <activity
70-->[:unityLibrary] AndroidManifest.xml:62:9-85:20
71            android:name="com.unity3d.player.UnityPlayerActivity"
71-->[:unityLibrary] AndroidManifest.xml:63:13-66
72            android:configChanges="keyboard|keyboardHidden|navigation|orientation|screenLayout|screenSize|uiMode|density"
72-->[:unityLibrary] AndroidManifest.xml:64:13-122
73            android:excludeFromRecents="true"
73-->[:unityLibrary] AndroidManifest.xml:65:13-46
74            android:exported="true"
74-->[:unityLibrary] AndroidManifest.xml:66:13-36
75            android:hardwareAccelerated="false"
75-->[:unityLibrary] AndroidManifest.xml:67:13-48
76            android:launchMode="singleTask"
76-->[:unityLibrary] AndroidManifest.xml:68:13-44
77            android:resizeableActivity="false"
77-->[:unityLibrary] AndroidManifest.xml:69:13-47
78            android:screenOrientation="landscape"
78-->[:unityLibrary] AndroidManifest.xml:70:13-50
79            android:theme="@android:style/Theme.Black.NoTitleBar.Fullscreen" >
79-->[:unityLibrary] AndroidManifest.xml:71:13-77
80            <intent-filter>
80-->[:unityLibrary] AndroidManifest.xml:72:13-77:29
81                <category android:name="android.intent.category.LAUNCHER" />
81-->[:unityLibrary] AndroidManifest.xml:73:17-77
81-->[:unityLibrary] AndroidManifest.xml:73:27-74
82                <category android:name="com.oculus.intent.category.VR" />
82-->[:unityLibrary] AndroidManifest.xml:74:17-74
82-->[:unityLibrary] AndroidManifest.xml:74:27-71
83
84                <action android:name="android.intent.action.MAIN" />
84-->[:unityLibrary] AndroidManifest.xml:76:17-69
84-->[:unityLibrary] AndroidManifest.xml:76:25-66
85            </intent-filter>
86
87            <meta-data
87-->[:unityLibrary] AndroidManifest.xml:79:13-81:40
88                android:name="com.oculus.vr.focusaware"
88-->[:unityLibrary] AndroidManifest.xml:80:17-56
89                android:value="true" />
89-->[:unityLibrary] AndroidManifest.xml:81:17-37
90            <meta-data
90-->[:unityLibrary] AndroidManifest.xml:82:13-84:40
91                android:name="notch_support"
91-->[:unityLibrary] AndroidManifest.xml:83:17-45
92                android:value="true" />
92-->[:unityLibrary] AndroidManifest.xml:84:17-37
93        </activity>
94
95        <meta-data
95-->[:unityLibrary] AndroidManifest.xml:87:9-89:36
96            android:name="com.unity.xr.oculus.LowOverheadMode"
96-->[:unityLibrary] AndroidManifest.xml:88:13-63
97            android:value="true" />
97-->[:unityLibrary] AndroidManifest.xml:89:13-33
98        <meta-data
98-->[:unityLibrary] AndroidManifest.xml:90:9-92:37
99            android:name="com.unity.xr.oculus.LateLatching"
99-->[:unityLibrary] AndroidManifest.xml:91:13-60
100            android:value="false" />
100-->[:unityLibrary] AndroidManifest.xml:92:13-34
101        <meta-data
101-->[:unityLibrary] AndroidManifest.xml:93:9-95:37
102            android:name="com.unity.xr.oculus.LateLatchingDebug"
102-->[:unityLibrary] AndroidManifest.xml:94:13-65
103            android:value="false" />
103-->[:unityLibrary] AndroidManifest.xml:95:13-34
104        <meta-data
104-->[:unityLibrary] AndroidManifest.xml:96:9-98:36
105            android:name="com.oculus.ossplash"
105-->[:unityLibrary] AndroidManifest.xml:97:13-47
106            android:value="true" />
106-->[:unityLibrary] AndroidManifest.xml:98:13-33
107        <meta-data
107-->[:unityLibrary] AndroidManifest.xml:99:9-101:36
108            android:name="com.oculus.ossplash.type"
108-->[:unityLibrary] AndroidManifest.xml:100:13-52
109            android:value="mono" />
109-->[:unityLibrary] AndroidManifest.xml:101:13-33
110        <meta-data
110-->[:unityLibrary] AndroidManifest.xml:102:9-104:34
111            android:name="com.oculus.ossplash.colorspace"
111-->[:unityLibrary] AndroidManifest.xml:103:13-58
112            android:value="P3" />
112-->[:unityLibrary] AndroidManifest.xml:104:13-31
113    </application>
114
115</manifest>